2017-08-12 02:55:35,138 WARN c.v.r.PropertyLoader [main] Can't read propertyFile /Library/Java/JavaVirtualMachines/jdk1.8.0_45.jdk/Contents/Home/jre/vcell.properties specified by java home directory
2017-08-12 02:55:35,147 WARN c.v.u.NativeLoader [main] DYLD_FALLBACK_LIBRARY_PATH not set
2017-08-12 02:55:37,886 ERROR o.v.c.l.LWNamespace [AWT-EventQueue-0] top level object DocumentWindow does not implement ChildWindowManager$ManagedChild
2017-08-30 21:06:36,812 WARN c.v.r.PropertyLoader [main] Can't read propertyFile /Library/Java/JavaVirtualMachines/jdk1.8.0_45.jdk/Contents/Home/jre/vcell.properties specified by java home directory
2017-08-30 21:06:36,827 WARN c.v.u.NativeLoader [main] DYLD_FALLBACK_LIBRARY_PATH not set
2017-08-30 21:06:58,091 ERROR o.v.c.l.LWNamespace [AWT-EventQueue-0] top level object DocumentWindow does not implement ChildWindowManager$ManagedChild
2017-08-31 20:38:16,393 WARN c.v.r.PropertyLoader [main] Can't read propertyFile /Library/Java/JavaVirtualMachines/jdk1.8.0_45.jdk/Contents/Home/jre/vcell.properties specified by java home directory
2017-08-31 20:38:16,403 WARN c.v.u.NativeLoader [main] DYLD_FALLBACK_LIBRARY_PATH not set
2017-08-31 20:38:25,666 ERROR o.v.c.l.LWNamespace [AWT-EventQueue-0] top level object DocumentWindow does not implement ChildWindowManager$ManagedChild
2017-08-31 20:38:55,149 WARN o.v.c.l.LWDialog [AWT-EventQueue-0] IndefiniteProgressDialog WORKING... invalid modeless dialog
2017-08-31 20:38:55,149 WARN o.v.c.l.LWDialog [AWT-EventQueue-0] IndefiniteProgressDialog WORKING... invalid modeless dialog
2017-08-31 20:38:55,688 WARN o.s.j.x.p.AbstractReaderWriter [ClientTaskDispatcher 2 Importing document] processAttribute: The attribute 'id' on the element adjacentDomains is not part of the SBML specifications (AdjacentDomains).
2017-08-31 20:38:55,692 WARN o.s.j.x.p.AbstractReaderWriter [ClientTaskDispatcher 2 Importing document] processAttribute: The attribute 'id' on the element adjacentDomains is not part of the SBML specifications (AdjacentDomains).
2017-08-31 20:38:55,693 WARN o.s.j.x.p.AbstractReaderWriter [ClientTaskDispatcher 2 Importing document] processAttribute: The attribute 'id' on the element adjacentDomains is not part of the SBML specifications (AdjacentDomains).
2017-08-31 20:38:55,693 WARN o.s.j.x.p.AbstractReaderWriter [ClientTaskDispatcher 2 Importing document] processAttribute: The attribute 'id' on the element adjacentDomains is not part of the SBML specifications (AdjacentDomains).
2017-08-31 20:38:55,697 WARN o.s.j.x.p.AbstractReaderWriter [ClientTaskDispatcher 2 Importing document] processAttribute: The attribute 'id' on the element boundaryMin is not part of the SBML specifications (Boundary).
2017-08-31 20:38:55,698 WARN o.s.j.x.p.AbstractReaderWriter [ClientTaskDispatcher 2 Importing document] processAttribute: The attribute 'id' on the element boundaryMax is not part of the SBML specifications (Boundary).
2017-08-31 20:38:55,698 WARN o.s.j.x.p.AbstractReaderWriter [ClientTaskDispatcher 2 Importing document] processAttribute: The attribute 'id' on the element boundaryMin is not part of the SBML specifications (Boundary).
2017-08-31 20:38:55,699 WARN o.s.j.x.p.AbstractReaderWriter [ClientTaskDispatcher 2 Importing document] processAttribute: The attribute 'id' on the element boundaryMax is not part of the SBML specifications (Boundary).
2017-08-31 20:38:55,700 WARN o.s.j.x.p.AbstractReaderWriter [ClientTaskDispatcher 2 Importing document] processAttribute: The attribute 'id' on the element boundaryMin is not part of the SBML specifications (Boundary).
2017-08-31 20:38:55,700 WARN o.s.j.x.p.AbstractReaderWriter [ClientTaskDispatcher 2 Importing document] processAttribute: The attribute 'id' on the element boundaryMax is not part of the SBML specifications (Boundary).
2017-08-31 20:38:55,701 WARN o.s.j.x.p.AbstractReaderWriter [ClientTaskDispatcher 2 Importing document] processAttribute: The attribute 'id' on the element domain is not part of the SBML specifications (Domain).
2017-08-31 20:38:55,703 WARN o.s.j.x.p.AbstractReaderWriter [ClientTaskDispatcher 2 Importing document] processAttribute: The attribute 'id' on the element domain is not part of the SBML specifications (Domain).
2017-08-31 20:38:55,704 WARN o.s.j.x.p.AbstractReaderWriter [ClientTaskDispatcher 2 Importing document] processAttribute: The attribute 'id' on the element domain is not part of the SBML specifications (Domain).
2017-08-31 20:38:55,705 WARN o.s.j.x.p.AbstractReaderWriter [ClientTaskDispatcher 2 Importing document] processAttribute: The attribute 'id' on the element domain is not part of the SBML specifications (Domain).
2017-08-31 20:38:55,705 WARN o.s.j.x.p.AbstractReaderWriter [ClientTaskDispatcher 2 Importing document] processAttribute: The attribute 'id' on the element domain is not part of the SBML specifications (Domain).
2017-08-31 20:38:55,708 WARN o.s.j.x.p.AbstractReaderWriter [ClientTaskDispatcher 2 Importing document] processAttribute: The attribute 'id' on the element sampledFieldGeometry is not part of the SBML specifications (SampledFieldGeometry).
2017-08-31 20:38:55,709 WARN o.s.j.x.p.AbstractReaderWriter [ClientTaskDispatcher 2 Importing document] processAttribute: The attribute 'id' on the element sampledVolume is not part of the SBML specifications (SampledVolume).
2017-08-31 20:38:55,710 WARN o.s.j.x.p.AbstractReaderWriter [ClientTaskDispatcher 2 Importing document] processAttribute: The attribute 'id' on the element sampledVolume is not part of the SBML specifications (SampledVolume).
2017-08-31 20:38:55,710 WARN o.s.j.x.p.AbstractReaderWriter [ClientTaskDispatcher 2 Importing document] processAttribute: The attribute 'id' on the element sampledVolume is not part of the SBML specifications (SampledVolume).
2017-08-31 20:38:57,722 INFO c.v.g.s.GeometrySurfaceUtils [ClientTaskDispatcher 2 Importing document] RegionInfo(regionIndex=0, numPixel=1951497, imageValue=0)
2017-08-31 20:38:57,735 INFO c.v.g.s.GeometrySurfaceUtils [ClientTaskDispatcher 2 Importing document] size=124825.89972223382
2017-08-31 20:38:57,736 INFO c.v.g.s.GeometrySurfaceUtils [ClientTaskDispatcher 2 Importing document] added volumeRegion(domainType_ec0)
2017-08-31 20:38:57,736 INFO c.v.g.s.GeometrySurfaceUtils [ClientTaskDispatcher 2 Importing document] RegionInfo(regionIndex=1, numPixel=221707, imageValue=1)
2017-08-31 20:38:57,745 INFO c.v.g.s.GeometrySurfaceUtils [ClientTaskDispatcher 2 Importing document] size=14800.809866464228
2017-08-31 20:38:57,745 INFO c.v.g.s.GeometrySurfaceUtils [ClientTaskDispatcher 2 Importing document] added volumeRegion(domainType_cytosol1)
2017-08-31 20:38:57,746 INFO c.v.g.s.GeometrySurfaceUtils [ClientTaskDispatcher 2 Importing document] RegionInfo(regionIndex=2, numPixel=55019, imageValue=2)
2017-08-31 20:38:57,752 INFO c.v.g.s.GeometrySurfaceUtils [ClientTaskDispatcher 2 Importing document] size=3674.241229985856
2017-08-31 20:38:57,753 INFO c.v.g.s.GeometrySurfaceUtils [ClientTaskDispatcher 2 Importing document] added volumeRegion(domainType_Nucleus2)
2017-08-31 20:38:57,753 INFO c.v.g.s.GeometrySurfaceUtils [ClientTaskDispatcher 2 Importing document] RegionInfo(regionIndex=3, numPixel=1, imageValue=1)
2017-08-31 20:38:57,757 INFO c.v.g.s.GeometrySurfaceUtils [ClientTaskDispatcher 2 Importing document] size=0.06678131609054792
2017-08-31 20:38:57,757 INFO c.v.g.s.GeometrySurfaceUtils [ClientTaskDispatcher 2 Importing document] added volumeRegion(domainType_cytosol3)
2017-08-31 20:38:57,777 INFO c.v.g.s.GeometrySurfaceUtils [ClientTaskDispatcher 2 Importing document] added surfaceRegion(membrane_domainType_ec0_domainType_cytosol1)
2017-08-31 20:38:57,781 INFO c.v.g.s.GeometrySurfaceUtils [ClientTaskDispatcher 2 Importing document] added surfaceRegion(membrane_domainType_cytosol1_domainType_Nucleus2)
2017-08-31 20:38:57,781 INFO c.v.g.s.GeometrySurfaceUtils [ClientTaskDispatcher 2 Importing document] added surfaceRegion(membrane_domainType_ec0_domainType_cytosol3)
2017-08-31 20:38:59,537 WARN c.v.c.d.b.DocumentEditor [AWT-EventQueue-0] can't find window owner
2017-08-31 20:39:16,505 ERROR o.v.c.l.LWNamespace [AWT-EventQueue-0] top level object DocumentWindow does not implement ChildWindowManager$ManagedChild
2017-08-31 20:39:16,507 ERROR o.v.c.l.LWNamespace [AWT-EventQueue-0] top level object DocumentWindow does not implement ChildWindowManager$ManagedChild
2017-08-31 20:39:17,925 WARN o.v.c.l.LWDialog [AWT-EventQueue-0] LinearDefiniteProgressDialog WORKING... invalid modeless dialog
2017-08-31 20:39:17,925 WARN o.v.c.l.LWDialog [AWT-EventQueue-0] LinearDefiniteProgressDialog WORKING... invalid modeless dialog
2017-08-31 20:39:18,303 INFO c.v.g.s.GeometrySurfaceUtils [Compiled Solver (cbit.vcell.solvers.FVSolverStandalone)] RegionInfo(regionIndex=0, numPixel=110873, imageValue=0)
2017-08-31 20:39:18,304 INFO c.v.g.s.GeometrySurfaceUtils [Compiled Solver (cbit.vcell.solvers.FVSolverStandalone)] size=124855.88576827208
2017-08-31 20:39:18,304 INFO c.v.g.s.GeometrySurfaceUtils [Compiled Solver (cbit.vcell.solvers.FVSolverStandalone)] added volumeRegion(domainType_ec0)
2017-08-31 20:39:18,304 INFO c.v.g.s.GeometrySurfaceUtils [Compiled Solver (cbit.vcell.solvers.FVSolverStandalone)] RegionInfo(regionIndex=1, numPixel=12137, imageValue=1)
2017-08-31 20:39:18,304 INFO c.v.g.s.GeometrySurfaceUtils [Compiled Solver (cbit.vcell.solvers.FVSolverStandalone)] size=14771.215436625847
2017-08-31 20:39:18,304 INFO c.v.g.s.GeometrySurfaceUtils [Compiled Solver (cbit.vcell.solvers.FVSolverStandalone)] added volumeRegion(domainType_cytosol1)
2017-08-31 20:39:18,304 INFO c.v.g.s.GeometrySurfaceUtils [Compiled Solver (cbit.vcell.solvers.FVSolverStandalone)] RegionInfo(regionIndex=2, numPixel=1, imageValue=1)
2017-08-31 20:39:18,305 INFO c.v.g.s.GeometrySurfaceUtils [Compiled Solver (cbit.vcell.solvers.FVSolverStandalone)] size=1.2185460680272107
2017-08-31 20:39:18,305 INFO c.v.g.s.GeometrySurfaceUtils [Compiled Solver (cbit.vcell.solvers.FVSolverStandalone)] added volumeRegion(domainType_cytosol2)
2017-08-31 20:39:18,305 INFO c.v.g.s.GeometrySurfaceUtils [Compiled Solver (cbit.vcell.solvers.FVSolverStandalone)] RegionInfo(regionIndex=3, numPixel=8, imageValue=1)
2017-08-31 20:39:18,305 INFO c.v.g.s.GeometrySurfaceUtils [Compiled Solver (cbit.vcell.solvers.FVSolverStandalone)] size=9.748368544217685
2017-08-31 20:39:18,305 INFO c.v.g.s.GeometrySurfaceUtils [Compiled Solver (cbit.vcell.solvers.FVSolverStandalone)] added volumeRegion(domainType_cytosol3)
2017-08-31 20:39:18,305 INFO c.v.g.s.GeometrySurfaceUtils [Compiled Solver (cbit.vcell.solvers.FVSolverStandalone)] RegionInfo(regionIndex=4, numPixel=3006, imageValue=2)
2017-08-31 20:39:18,305 INFO c.v.g.s.GeometrySurfaceUtils [Compiled Solver (cbit.vcell.solvers.FVSolverStandalone)] size=3662.9494804897954
2017-08-31 20:39:18,305 INFO c.v.g.s.GeometrySurfaceUtils [Compiled Solver (cbit.vcell.solvers.FVSolverStandalone)] added volumeRegion(domainType_Nucleus4)
2017-08-31 20:39:18,306 INFO c.v.g.s.GeometrySurfaceUtils [Compiled Solver (cbit.vcell.solvers.FVSolverStandalone)] added surfaceRegion(membrane_domainType_ec0_domainType_cytosol1)
2017-08-31 20:39:18,306 INFO c.v.g.s.GeometrySurfaceUtils [Compiled Solver (cbit.vcell.solvers.FVSolverStandalone)] added surfaceRegion(membrane_domainType_ec0_domainType_cytosol2)
2017-08-31 20:39:18,306 INFO c.v.g.s.GeometrySurfaceUtils [Compiled Solver (cbit.vcell.solvers.FVSolverStandalone)] added surfaceRegion(membrane_domainType_ec0_domainType_cytosol3)
2017-08-31 20:39:18,307 INFO c.v.g.s.GeometrySurfaceUtils [Compiled Solver (cbit.vcell.solvers.FVSolverStandalone)] added surfaceRegion(membrane_domainType_cytosol1_domainType_Nucleus4)
2017-08-31 20:39:27,053 INFO o.v.u.CommentStringTokenizer [ClientTaskDispatcher 6 Retrieving results] Token('0', line=11, col=10) comments AFTER: domainType_ec
2017-08-31 20:39:27,054 INFO o.v.u.CommentStringTokenizer [ClientTaskDispatcher 6 Retrieving results] Token('1', line=12, col=10) comments AFTER: domainType_cytosol
2017-08-31 20:39:27,054 INFO o.v.u.CommentStringTokenizer [ClientTaskDispatcher 6 Retrieving results] Token('2', line=13, col=10) comments AFTER: domainType_cytosol
2017-08-31 20:39:27,055 INFO o.v.u.CommentStringTokenizer [ClientTaskDispatcher 6 Retrieving results] Token('3', line=14, col=10) comments AFTER: domainType_cytosol
2017-08-31 20:39:27,055 INFO o.v.u.CommentStringTokenizer [ClientTaskDispatcher 6 Retrieving results] Token('4', line=15, col=10) comments AFTER: domainType_Nucleus
2017-08-31 20:39:27,307 INFO o.v.u.CommentStringTokenizer [ClientTaskDispatcher 6 Retrieving results] Token('0', line=11, col=10) comments AFTER: domainType_ec
2017-08-31 20:39:27,307 INFO o.v.u.CommentStringTokenizer [ClientTaskDispatcher 6 Retrieving results] Token('1', line=12, col=10) comments AFTER: domainType_cytosol
2017-08-31 20:39:27,308 INFO o.v.u.CommentStringTokenizer [ClientTaskDispatcher 6 Retrieving results] Token('2', line=13, col=10) comments AFTER: domainType_cytosol
2017-08-31 20:39:27,308 INFO o.v.u.CommentStringTokenizer [ClientTaskDispatcher 6 Retrieving results] Token('3', line=14, col=10) comments AFTER: domainType_cytosol
2017-08-31 20:39:27,308 INFO o.v.u.CommentStringTokenizer [ClientTaskDispatcher 6 Retrieving results] Token('4', line=15, col=10) comments AFTER: domainType_Nucleus
2017-08-31 20:39:27,412 INFO o.v.u.CommentStringTokenizer [ClientTaskDispatcher 6 Retrieving results] Token('0', line=11, col=10) comments AFTER: domainType_ec
2017-08-31 20:39:27,412 INFO o.v.u.CommentStringTokenizer [ClientTaskDispatcher 6 Retrieving results] Token('1', line=12, col=10) comments AFTER: domainType_cytosol
2017-08-31 20:39:27,412 INFO o.v.u.CommentStringTokenizer [ClientTaskDispatcher 6 Retrieving results] Token('2', line=13, col=10) comments AFTER: domainType_cytosol
2017-08-31 20:39:27,412 INFO o.v.u.CommentStringTokenizer [ClientTaskDispatcher 6 Retrieving results] Token('3', line=14, col=10) comments AFTER: domainType_cytosol
2017-08-31 20:39:27,412 INFO o.v.u.CommentStringTokenizer [ClientTaskDispatcher 6 Retrieving results] Token('4', line=15, col=10) comments AFTER: domainType_Nucleus
2017-08-31 20:39:27,547 INFO o.v.u.CommentStringTokenizer [ClientTaskDispatcher 6 Retrieving results] Token('0', line=11, col=10) comments AFTER: domainType_ec
2017-08-31 20:39:27,547 INFO o.v.u.CommentStringTokenizer [ClientTaskDispatcher 6 Retrieving results] Token('1', line=12, col=10) comments AFTER: domainType_cytosol
2017-08-31 20:39:27,547 INFO o.v.u.CommentStringTokenizer [ClientTaskDispatcher 6 Retrieving results] Token('2', line=13, col=10) comments AFTER: domainType_cytosol
2017-08-31 20:39:27,547 INFO o.v.u.CommentStringTokenizer [ClientTaskDispatcher 6 Retrieving results] Token('3', line=14, col=10) comments AFTER: domainType_cytosol
2017-08-31 20:39:27,547 INFO o.v.u.CommentStringTokenizer [ClientTaskDispatcher 6 Retrieving results] Token('4', line=15, col=10) comments AFTER: domainType_Nucleus
2017-08-31 20:39:27,668 INFO o.v.u.CommentStringTokenizer [ClientTaskDispatcher 6 Retrieving results] Token('0', line=11, col=10) comments AFTER: domainType_ec
2017-08-31 20:39:27,668 INFO o.v.u.CommentStringTokenizer [ClientTaskDispatcher 6 Retrieving results] Token('1', line=12, col=10) comments AFTER: domainType_cytosol
2017-08-31 20:39:27,668 INFO o.v.u.CommentStringTokenizer [ClientTaskDispatcher 6 Retrieving results] Token('2', line=13, col=10) comments AFTER: domainType_cytosol
2017-08-31 20:39:27,668 INFO o.v.u.CommentStringTokenizer [ClientTaskDispatcher 6 Retrieving results] Token('3', line=14, col=10) comments AFTER: domainType_cytosol
2017-08-31 20:39:27,668 INFO o.v.u.CommentStringTokenizer [ClientTaskDispatcher 6 Retrieving results] Token('4', line=15, col=10) comments AFTER: domainType_Nucleus
2017-08-31 20:39:27,771 INFO o.v.u.CommentStringTokenizer [ClientTaskDispatcher 6 Retrieving results] Token('0', line=11, col=10) comments AFTER: domainType_ec
2017-08-31 20:39:27,771 INFO o.v.u.CommentStringTokenizer [ClientTaskDispatcher 6 Retrieving results] Token('1', line=12, col=10) comments AFTER: domainType_cytosol
2017-08-31 20:39:27,771 INFO o.v.u.CommentStringTokenizer [ClientTaskDispatcher 6 Retrieving results] Token('2', line=13, col=10) comments AFTER: domainType_cytosol
2017-08-31 20:39:27,771 INFO o.v.u.CommentStringTokenizer [ClientTaskDispatcher 6 Retrieving results] Token('3', line=14, col=10) comments AFTER: domainType_cytosol
2017-08-31 20:39:27,771 INFO o.v.u.CommentStringTokenizer [ClientTaskDispatcher 6 Retrieving results] Token('4', line=15, col=10) comments AFTER: domainType_Nucleus
2017-08-31 20:39:27,901 INFO o.v.u.CommentStringTokenizer [ClientTaskDispatcher 6 Retrieving results] Token('0', line=11, col=10) comments AFTER: domainType_ec
2017-08-31 20:39:27,901 INFO o.v.u.CommentStringTokenizer [ClientTaskDispatcher 6 Retrieving results] Token('1', line=12, col=10) comments AFTER: domainType_cytosol
2017-08-31 20:39:27,902 INFO o.v.u.CommentStringTokenizer [ClientTaskDispatcher 6 Retrieving results] Token('2', line=13, col=10) comments AFTER: domainType_cytosol
2017-08-31 20:39:27,902 INFO o.v.u.CommentStringTokenizer [ClientTaskDispatcher 6 Retrieving results] Token('3', line=14, col=10) comments AFTER: domainType_cytosol
2017-08-31 20:39:27,902 INFO o.v.u.CommentStringTokenizer [ClientTaskDispatcher 6 Retrieving results] Token('4', line=15, col=10) comments AFTER: domainType_Nucleus
2017-08-31 20:39:28,005 INFO o.v.u.CommentStringTokenizer [ClientTaskDispatcher 6 Retrieving results] Token('0', line=11, col=10) comments AFTER: domainType_ec
2017-08-31 20:39:28,006 INFO o.v.u.CommentStringTokenizer [ClientTaskDispatcher 6 Retrieving results] Token('1', line=12, col=10) comments AFTER: domainType_cytosol
2017-08-31 20:39:28,006 INFO o.v.u.CommentStringTokenizer [ClientTaskDispatcher 6 Retrieving results] Token('2', line=13, col=10) comments AFTER: domainType_cytosol
2017-08-31 20:39:28,006 INFO o.v.u.CommentStringTokenizer [ClientTaskDispatcher 6 Retrieving results] Token('3', line=14, col=10) comments AFTER: domainType_cytosol
2017-08-31 20:39:28,006 INFO o.v.u.CommentStringTokenizer [ClientTaskDispatcher 6 Retrieving results] Token('4', line=15, col=10) comments AFTER: domainType_Nucleus
2017-08-31 20:39:28,110 INFO o.v.u.CommentStringTokenizer [ClientTaskDispatcher 6 Retrieving results] Token('0', line=11, col=10) comments AFTER: domainType_ec
2017-08-31 20:39:28,110 INFO o.v.u.CommentStringTokenizer [ClientTaskDispatcher 6 Retrieving results] Token('1', line=12, col=10) comments AFTER: domainType_cytosol
2017-08-31 20:39:28,110 INFO o.v.u.CommentStringTokenizer [ClientTaskDispatcher 6 Retrieving results] Token('2', line=13, col=10) comments AFTER: domainType_cytosol
2017-08-31 20:39:28,110 INFO o.v.u.CommentStringTokenizer [ClientTaskDispatcher 6 Retrieving results] Token('3', line=14, col=10) comments AFTER: domainType_cytosol
2017-08-31 20:39:28,110 INFO o.v.u.CommentStringTokenizer [ClientTaskDispatcher 6 Retrieving results] Token('4', line=15, col=10) comments AFTER: domainType_Nucleus
2017-08-31 20:39:28,235 INFO o.v.u.CommentStringTokenizer [ClientTaskDispatcher 6 Retrieving results] Token('0', line=11, col=10) comments AFTER: domainType_ec
2017-08-31 20:39:28,235 INFO o.v.u.CommentStringTokenizer [ClientTaskDispatcher 6 Retrieving results] Token('1', line=12, col=10) comments AFTER: domainType_cytosol
2017-08-31 20:39:28,235 INFO o.v.u.CommentStringTokenizer [ClientTaskDispatcher 6 Retrieving results] Token('2', line=13, col=10) comments AFTER: domainType_cytosol
2017-08-31 20:39:28,235 INFO o.v.u.CommentStringTokenizer [ClientTaskDispatcher 6 Retrieving results] Token('3', line=14, col=10) comments AFTER: domainType_cytosol
2017-08-31 20:39:28,236 INFO o.v.u.CommentStringTokenizer [ClientTaskDispatcher 6 Retrieving results] Token('4', line=15, col=10) comments AFTER: domainType_Nucleus
2017-08-31 20:39:28,942 ERROR o.v.c.l.LWNamespace [AWT-EventQueue-0] top level object DocumentWindow does not implement ChildWindowManager$ManagedChild
2017-08-31 20:39:34,643 INFO o.v.u.CommentStringTokenizer [ClientTaskDispatcher 9 Setting timepoint=0.5] Token('0', line=11, col=10) comments AFTER: domainType_ec
2017-08-31 20:39:34,643 INFO o.v.u.CommentStringTokenizer [ClientTaskDispatcher 9 Setting timepoint=0.5] Token('1', line=12, col=10) comments AFTER: domainType_cytosol
2017-08-31 20:39:34,644 INFO o.v.u.CommentStringTokenizer [ClientTaskDispatcher 9 Setting timepoint=0.5] Token('2', line=13, col=10) comments AFTER: domainType_cytosol
2017-08-31 20:39:34,644 INFO o.v.u.CommentStringTokenizer [ClientTaskDispatcher 9 Setting timepoint=0.5] Token('3', line=14, col=10) comments AFTER: domainType_cytosol
2017-08-31 20:39:34,644 INFO o.v.u.CommentStringTokenizer [ClientTaskDispatcher 9 Setting timepoint=0.5] Token('4', line=15, col=10) comments AFTER: domainType_Nucleus
2017-08-31 20:39:34,755 INFO o.v.u.CommentStringTokenizer [ClientTaskDispatcher 9 Setting timepoint=0.5] Token('0', line=11, col=10) comments AFTER: domainType_ec
2017-08-31 20:39:34,756 INFO o.v.u.CommentStringTokenizer [ClientTaskDispatcher 9 Setting timepoint=0.5] Token('1', line=12, col=10) comments AFTER: domainType_cytosol
2017-08-31 20:39:34,756 INFO o.v.u.CommentStringTokenizer [ClientTaskDispatcher 9 Setting timepoint=0.5] Token('2', line=13, col=10) comments AFTER: domainType_cytosol
2017-08-31 20:39:34,756 INFO o.v.u.CommentStringTokenizer [ClientTaskDispatcher 9 Setting timepoint=0.5] Token('3', line=14, col=10) comments AFTER: domainType_cytosol
2017-08-31 20:39:34,756 INFO o.v.u.CommentStringTokenizer [ClientTaskDispatcher 9 Setting timepoint=0.5] Token('4', line=15, col=10) comments AFTER: domainType_Nucleus
2017-08-31 20:39:34,888 INFO o.v.u.CommentStringTokenizer [ClientTaskDispatcher 9 Setting timepoint=0.5] Token('0', line=11, col=10) comments AFTER: domainType_ec
2017-08-31 20:39:34,888 INFO o.v.u.CommentStringTokenizer [ClientTaskDispatcher 9 Setting timepoint=0.5] Token('1', line=12, col=10) comments AFTER: domainType_cytosol
2017-08-31 20:39:34,888 INFO o.v.u.CommentStringTokenizer [ClientTaskDispatcher 9 Setting timepoint=0.5] Token('2', line=13, col=10) comments AFTER: domainType_cytosol
2017-08-31 20:39:34,889 INFO o.v.u.CommentStringTokenizer [ClientTaskDispatcher 9 Setting timepoint=0.5] Token('3', line=14, col=10) comments AFTER: domainType_cytosol
2017-08-31 20:39:34,889 INFO o.v.u.CommentStringTokenizer [ClientTaskDispatcher 9 Setting timepoint=0.5] Token('4', line=15, col=10) comments AFTER: domainType_Nucleus
2017-08-31 20:39:42,387 INFO o.v.u.CommentStringTokenizer [ClientTaskDispatcher 10 retrieving data] Token('0', line=11, col=10) comments AFTER: domainType_ec
2017-08-31 20:39:42,387 INFO o.v.u.CommentStringTokenizer [ClientTaskDispatcher 10 retrieving data] Token('1', line=12, col=10) comments AFTER: domainType_cytosol
2017-08-31 20:39:42,387 INFO o.v.u.CommentStringTokenizer [ClientTaskDispatcher 10 retrieving data] Token('2', line=13, col=10) comments AFTER: domainType_cytosol
2017-08-31 20:39:42,387 INFO o.v.u.CommentStringTokenizer [ClientTaskDispatcher 10 retrieving data] Token('3', line=14, col=10) comments AFTER: domainType_cytosol
2017-08-31 20:39:42,388 INFO o.v.u.CommentStringTokenizer [ClientTaskDispatcher 10 retrieving data] Token('4', line=15, col=10) comments AFTER: domainType_Nucleus
2017-08-31 20:39:42,521 INFO o.v.u.CommentStringTokenizer [ClientTaskDispatcher 10 retrieving data] Token('0', line=11, col=10) comments AFTER: domainType_ec
2017-08-31 20:39:42,521 INFO o.v.u.CommentStringTokenizer [ClientTaskDispatcher 10 retrieving data] Token('1', line=12, col=10) comments AFTER: domainType_cytosol
2017-08-31 20:39:42,521 INFO o.v.u.CommentStringTokenizer [ClientTaskDispatcher 10 retrieving data] Token('2', line=13, col=10) comments AFTER: domainType_cytosol
2017-08-31 20:39:42,521 INFO o.v.u.CommentStringTokenizer [ClientTaskDispatcher 10 retrieving data] Token('3', line=14, col=10) comments AFTER: domainType_cytosol
2017-08-31 20:39:42,521 INFO o.v.u.CommentStringTokenizer [ClientTaskDispatcher 10 retrieving data] Token('4', line=15, col=10) comments AFTER: domainType_Nucleus
2017-08-31 20:45:21,989 WARN o.v.c.l.LWDialog [AWT-EventQueue-0] LinearDefiniteProgressDialog WORKING... invalid modeless dialog
2017-08-31 20:45:21,990 WARN o.v.c.l.LWDialog [AWT-EventQueue-0] LinearDefiniteProgressDialog WORKING... invalid modeless dialog
2017-08-31 20:45:22,192 INFO c.v.g.s.GeometrySurfaceUtils [Compiled Solver (cbit.vcell.solvers.FVSolverStandalone)] RegionInfo(regionIndex=0, numPixel=110873, imageValue=0)
2017-08-31 20:45:22,193 INFO c.v.g.s.GeometrySurfaceUtils [Compiled Solver (cbit.vcell.solvers.FVSolverStandalone)] size=124855.88576827208
2017-08-31 20:45:22,193 INFO c.v.g.s.GeometrySurfaceUtils [Compiled Solver (cbit.vcell.solvers.FVSolverStandalone)] added volumeRegion(domainType_ec0)
2017-08-31 20:45:22,193 INFO c.v.g.s.GeometrySurfaceUtils [Compiled Solver (cbit.vcell.solvers.FVSolverStandalone)] RegionInfo(regionIndex=1, numPixel=12137, imageValue=1)
2017-08-31 20:45:22,194 INFO c.v.g.s.GeometrySurfaceUtils [Compiled Solver (cbit.vcell.solvers.FVSolverStandalone)] size=14771.215436625847
2017-08-31 20:45:22,194 INFO c.v.g.s.GeometrySurfaceUtils [Compiled Solver (cbit.vcell.solvers.FVSolverStandalone)] added volumeRegion(domainType_cytosol1)
2017-08-31 20:45:22,194 INFO c.v.g.s.GeometrySurfaceUtils [Compiled Solver (cbit.vcell.solvers.FVSolverStandalone)] RegionInfo(regionIndex=2, numPixel=1, imageValue=1)
2017-08-31 20:45:22,194 INFO c.v.g.s.GeometrySurfaceUtils [Compiled Solver (cbit.vcell.solvers.FVSolverStandalone)] size=1.2185460680272107
2017-08-31 20:45:22,194 INFO c.v.g.s.GeometrySurfaceUtils [Compiled Solver (cbit.vcell.solvers.FVSolverStandalone)] added volumeRegion(domainType_cytosol2)
2017-08-31 20:45:22,194 INFO c.v.g.s.GeometrySurfaceUtils [Compiled Solver (cbit.vcell.solvers.FVSolverStandalone)] RegionInfo(regionIndex=3, numPixel=8, imageValue=1)
2017-08-31 20:45:22,195 INFO c.v.g.s.GeometrySurfaceUtils [Compiled Solver (cbit.vcell.solvers.FVSolverStandalone)] size=9.748368544217685
2017-08-31 20:45:22,195 INFO c.v.g.s.GeometrySurfaceUtils [Compiled Solver (cbit.vcell.solvers.FVSolverStandalone)] added volumeRegion(domainType_cytosol3)
2017-08-31 20:45:22,195 INFO c.v.g.s.GeometrySurfaceUtils [Compiled Solver (cbit.vcell.solvers.FVSolverStandalone)] RegionInfo(regionIndex=4, numPixel=3006, imageValue=2)
2017-08-31 20:45:22,195 INFO c.v.g.s.GeometrySurfaceUtils [Compiled Solver (cbit.vcell.solvers.FVSolverStandalone)] size=3662.9494804897954
2017-08-31 20:45:22,195 INFO c.v.g.s.GeometrySurfaceUtils [Compiled Solver (cbit.vcell.solvers.FVSolverStandalone)] added volumeRegion(domainType_Nucleus4)
2017-08-31 20:45:22,196 INFO c.v.g.s.GeometrySurfaceUtils [Compiled Solver (cbit.vcell.solvers.FVSolverStandalone)] added surfaceRegion(membrane_domainType_ec0_domainType_cytosol1)
2017-08-31 20:45:22,197 INFO c.v.g.s.GeometrySurfaceUtils [Compiled Solver (cbit.vcell.solvers.FVSolverStandalone)] added surfaceRegion(membrane_domainType_ec0_domainType_cytosol2)
2017-08-31 20:45:22,197 INFO c.v.g.s.GeometrySurfaceUtils [Compiled Solver (cbit.vcell.solvers.FVSolverStandalone)] added surfaceRegion(membrane_domainType_ec0_domainType_cytosol3)
2017-08-31 20:45:22,197 INFO c.v.g.s.GeometrySurfaceUtils [Compiled Solver (cbit.vcell.solvers.FVSolverStandalone)] added surfaceRegion(membrane_domainType_cytosol1_domainType_Nucleus4)
2017-08-31 20:45:30,228 INFO o.v.u.CommentStringTokenizer [ClientTaskDispatcher 12 Retrieving results] Token('0', line=11, col=10) comments AFTER: domainType_ec
2017-08-31 20:45:30,228 INFO o.v.u.CommentStringTokenizer [ClientTaskDispatcher 12 Retrieving results] Token('1', line=12, col=10) comments AFTER: domainType_cytosol
2017-08-31 20:45:30,228 INFO o.v.u.CommentStringTokenizer [ClientTaskDispatcher 12 Retrieving results] Token('2', line=13, col=10) comments AFTER: domainType_cytosol
2017-08-31 20:45:30,228 INFO o.v.u.CommentStringTokenizer [ClientTaskDispatcher 12 Retrieving results] Token('3', line=14, col=10) comments AFTER: domainType_cytosol
2017-08-31 20:45:30,228 INFO o.v.u.CommentStringTokenizer [ClientTaskDispatcher 12 Retrieving results] Token('4', line=15, col=10) comments AFTER: domainType_Nucleus
2017-08-31 20:45:30,329 INFO o.v.u.CommentStringTokenizer [ClientTaskDispatcher 12 Retrieving results] Token('0', line=11, col=10) comments AFTER: domainType_ec
2017-08-31 20:45:30,329 INFO o.v.u.CommentStringTokenizer [ClientTaskDispatcher 12 Retrieving results] Token('1', line=12, col=10) comments AFTER: domainType_cytosol
2017-08-31 20:45:30,329 INFO o.v.u.CommentStringTokenizer [ClientTaskDispatcher 12 Retrieving results] Token('2', line=13, col=10) comments AFTER: domainType_cytosol
2017-08-31 20:45:30,329 INFO o.v.u.CommentStringTokenizer [ClientTaskDispatcher 12 Retrieving results] Token('3', line=14, col=10) comments AFTER: domainType_cytosol
2017-08-31 20:45:30,330 INFO o.v.u.CommentStringTokenizer [ClientTaskDispatcher 12 Retrieving results] Token('4', line=15, col=10) comments AFTER: domainType_Nucleus
2017-08-31 20:45:30,429 INFO o.v.u.CommentStringTokenizer [ClientTaskDispatcher 12 Retrieving results] Token('0', line=11, col=10) comments AFTER: domainType_ec
2017-08-31 20:45:30,429 INFO o.v.u.CommentStringTokenizer [ClientTaskDispatcher 12 Retrieving results] Token('1', line=12, col=10) comments AFTER: domainType_cytosol
2017-08-31 20:45:30,429 INFO o.v.u.CommentStringTokenizer [ClientTaskDispatcher 12 Retrieving results] Token('2', line=13, col=10) comments AFTER: domainType_cytosol
2017-08-31 20:45:30,429 INFO o.v.u.CommentStringTokenizer [ClientTaskDispatcher 12 Retrieving results] Token('3', line=14, col=10) comments AFTER: domainType_cytosol
2017-08-31 20:45:30,429 INFO o.v.u.CommentStringTokenizer [ClientTaskDispatcher 12 Retrieving results] Token('4', line=15, col=10) comments AFTER: domainType_Nucleus
2017-08-31 20:45:30,529 INFO o.v.u.CommentStringTokenizer [ClientTaskDispatcher 12 Retrieving results] Token('0', line=11, col=10) comments AFTER: domainType_ec
2017-08-31 20:45:30,529 INFO o.v.u.CommentStringTokenizer [ClientTaskDispatcher 12 Retrieving results] Token('1', line=12, col=10) comments AFTER: domainType_cytosol
2017-08-31 20:45:30,529 INFO o.v.u.CommentStringTokenizer [ClientTaskDispatcher 12 Retrieving results] Token('2', line=13, col=10) comments AFTER: domainType_cytosol
2017-08-31 20:45:30,529 INFO o.v.u.CommentStringTokenizer [ClientTaskDispatcher 12 Retrieving results] Token('3', line=14, col=10) comments AFTER: domainType_cytosol
2017-08-31 20:45:30,529 INFO o.v.u.CommentStringTokenizer [ClientTaskDispatcher 12 Retrieving results] Token('4', line=15, col=10) comments AFTER: domainType_Nucleus
2017-08-31 20:45:30,645 INFO o.v.u.CommentStringTokenizer [ClientTaskDispatcher 12 Retrieving results] Token('0', line=11, col=10) comments AFTER: domainType_ec
2017-08-31 20:45:30,646 INFO o.v.u.CommentStringTokenizer [ClientTaskDispatcher 12 Retrieving results] Token('1', line=12, col=10) comments AFTER: domainType_cytosol
2017-08-31 20:45:30,646 INFO o.v.u.CommentStringTokenizer [ClientTaskDispatcher 12 Retrieving results] Token('2', line=13, col=10) comments AFTER: domainType_cytosol
2017-08-31 20:45:30,646 INFO o.v.u.CommentStringTokenizer [ClientTaskDispatcher 12 Retrieving results] Token('3', line=14, col=10) comments AFTER: domainType_cytosol
2017-08-31 20:45:30,646 INFO o.v.u.CommentStringTokenizer [ClientTaskDispatcher 12 Retrieving results] Token('4', line=15, col=10) comments AFTER: domainType_Nucleus
2017-08-31 20:45:30,761 INFO o.v.u.CommentStringTokenizer [ClientTaskDispatcher 12 Retrieving results] Token('0', line=11, col=10) comments AFTER: domainType_ec
2017-08-31 20:45:30,761 INFO o.v.u.CommentStringTokenizer [ClientTaskDispatcher 12 Retrieving results] Token('1', line=12, col=10) comments AFTER: domainType_cytosol
2017-08-31 20:45:30,761 INFO o.v.u.CommentStringTokenizer [ClientTaskDispatcher 12 Retrieving results] Token('2', line=13, col=10) comments AFTER: domainType_cytosol
2017-08-31 20:45:30,762 INFO o.v.u.CommentStringTokenizer [ClientTaskDispatcher 12 Retrieving results] Token('3', line=14, col=10) comments AFTER: domainType_cytosol
2017-08-31 20:45:30,762 INFO o.v.u.CommentStringTokenizer [ClientTaskDispatcher 12 Retrieving results] Token('4', line=15, col=10) comments AFTER: domainType_Nucleus
2017-08-31 20:45:30,872 INFO o.v.u.CommentStringTokenizer [ClientTaskDispatcher 12 Retrieving results] Token('0', line=11, col=10) comments AFTER: domainType_ec
2017-08-31 20:45:30,873 INFO o.v.u.CommentStringTokenizer [ClientTaskDispatcher 12 Retrieving results] Token('1', line=12, col=10) comments AFTER: domainType_cytosol
2017-08-31 20:45:30,873 INFO o.v.u.CommentStringTokenizer [ClientTaskDispatcher 12 Retrieving results] Token('2', line=13, col=10) comments AFTER: domainType_cytosol
2017-08-31 20:45:30,873 INFO o.v.u.CommentStringTokenizer [ClientTaskDispatcher 12 Retrieving results] Token('3', line=14, col=10) comments AFTER: domainType_cytosol
2017-08-31 20:45:30,873 INFO o.v.u.CommentStringTokenizer [ClientTaskDispatcher 12 Retrieving results] Token('4', line=15, col=10) comments AFTER: domainType_Nucleus
2017-08-31 20:45:30,956 INFO o.v.u.CommentStringTokenizer [ClientTaskDispatcher 12 Retrieving results] Token('0', line=11, col=10) comments AFTER: domainType_ec
2017-08-31 20:45:30,957 INFO o.v.u.CommentStringTokenizer [ClientTaskDispatcher 12 Retrieving results] Token('1', line=12, col=10) comments AFTER: domainType_cytosol
2017-08-31 20:45:30,957 INFO o.v.u.CommentStringTokenizer [ClientTaskDispatcher 12 Retrieving results] Token('2', line=13, col=10) comments AFTER: domainType_cytosol
2017-08-31 20:45:30,957 INFO o.v.u.CommentStringTokenizer [ClientTaskDispatcher 12 Retrieving results] Token('3', line=14, col=10) comments AFTER: domainType_cytosol
2017-08-31 20:45:30,957 INFO o.v.u.CommentStringTokenizer [ClientTaskDispatcher 12 Retrieving results] Token('4', line=15, col=10) comments AFTER: domainType_Nucleus
2017-08-31 20:45:31,045 INFO o.v.u.CommentStringTokenizer [ClientTaskDispatcher 12 Retrieving results] Token('0', line=11, col=10) comments AFTER: domainType_ec
2017-08-31 20:45:31,045 INFO o.v.u.CommentStringTokenizer [ClientTaskDispatcher 12 Retrieving results] Token('1', line=12, col=10) comments AFTER: domainType_cytosol
2017-08-31 20:45:31,045 INFO o.v.u.CommentStringTokenizer [ClientTaskDispatcher 12 Retrieving results] Token('2', line=13, col=10) comments AFTER: domainType_cytosol
2017-08-31 20:45:31,045 INFO o.v.u.CommentStringTokenizer [ClientTaskDispatcher 12 Retrieving results] Token('3', line=14, col=10) comments AFTER: domainType_cytosol
2017-08-31 20:45:31,045 INFO o.v.u.CommentStringTokenizer [ClientTaskDispatcher 12 Retrieving results] Token('4', line=15, col=10) comments AFTER: domainType_Nucleus
2017-08-31 20:45:31,160 INFO o.v.u.CommentStringTokenizer [ClientTaskDispatcher 12 Retrieving results] Token('0', line=11, col=10) comments AFTER: domainType_ec
2017-08-31 20:45:31,160 INFO o.v.u.CommentStringTokenizer [ClientTaskDispatcher 12 Retrieving results] Token('1', line=12, col=10) comments AFTER: domainType_cytosol
2017-08-31 20:45:31,160 INFO o.v.u.CommentStringTokenizer [ClientTaskDispatcher 12 Retrieving results] Token('2', line=13, col=10) comments AFTER: domainType_cytosol
2017-08-31 20:45:31,160 INFO o.v.u.CommentStringTokenizer [ClientTaskDispatcher 12 Retrieving results] Token('3', line=14, col=10) comments AFTER: domainType_cytosol
2017-08-31 20:45:31,160 INFO o.v.u.CommentStringTokenizer [ClientTaskDispatcher 12 Retrieving results] Token('4', line=15, col=10) comments AFTER: domainType_Nucleus
2017-08-31 20:45:31,709 ERROR o.v.c.l.LWNamespace [AWT-EventQueue-0] top level object DocumentWindow does not implement ChildWindowManager$ManagedChild
2017-08-31 20:45:34,815 INFO o.v.u.CommentStringTokenizer [ClientTaskDispatcher 15 Setting timepoint=0.5] Token('0', line=11, col=10) comments AFTER: domainType_ec
2017-08-31 20:45:34,815 INFO o.v.u.CommentStringTokenizer [ClientTaskDispatcher 15 Setting timepoint=0.5] Token('1', line=12, col=10) comments AFTER: domainType_cytosol
2017-08-31 20:45:34,815 INFO o.v.u.CommentStringTokenizer [ClientTaskDispatcher 15 Setting timepoint=0.5] Token('2', line=13, col=10) comments AFTER: domainType_cytosol
2017-08-31 20:45:34,815 INFO o.v.u.CommentStringTokenizer [ClientTaskDispatcher 15 Setting timepoint=0.5] Token('3', line=14, col=10) comments AFTER: domainType_cytosol
2017-08-31 20:45:34,815 INFO o.v.u.CommentStringTokenizer [ClientTaskDispatcher 15 Setting timepoint=0.5] Token('4', line=15, col=10) comments AFTER: domainType_Nucleus
2017-08-31 20:45:34,901 INFO o.v.u.CommentStringTokenizer [ClientTaskDispatcher 15 Setting timepoint=0.5] Token('0', line=11, col=10) comments AFTER: domainType_ec
2017-08-31 20:45:34,902 INFO o.v.u.CommentStringTokenizer [ClientTaskDispatcher 15 Setting timepoint=0.5] Token('1', line=12, col=10) comments AFTER: domainType_cytosol
2017-08-31 20:45:34,902 INFO o.v.u.CommentStringTokenizer [ClientTaskDispatcher 15 Setting timepoint=0.5] Token('2', line=13, col=10) comments AFTER: domainType_cytosol
2017-08-31 20:45:34,902 INFO o.v.u.CommentStringTokenizer [ClientTaskDispatcher 15 Setting timepoint=0.5] Token('3', line=14, col=10) comments AFTER: domainType_cytosol
2017-08-31 20:45:34,902 INFO o.v.u.CommentStringTokenizer [ClientTaskDispatcher 15 Setting timepoint=0.5] Token('4', line=15, col=10) comments AFTER: domainType_Nucleus
2017-08-31 20:45:35,004 INFO o.v.u.CommentStringTokenizer [ClientTaskDispatcher 15 Setting timepoint=0.5] Token('0', line=11, col=10) comments AFTER: domainType_ec
2017-08-31 20:45:35,004 INFO o.v.u.CommentStringTokenizer [ClientTaskDispatcher 15 Setting timepoint=0.5] Token('1', line=12, col=10) comments AFTER: domainType_cytosol
2017-08-31 20:45:35,004 INFO o.v.u.CommentStringTokenizer [ClientTaskDispatcher 15 Setting timepoint=0.5] Token('2', line=13, col=10) comments AFTER: domainType_cytosol
2017-08-31 20:45:35,005 INFO o.v.u.CommentStringTokenizer [ClientTaskDispatcher 15 Setting timepoint=0.5] Token('3', line=14, col=10) comments AFTER: domainType_cytosol
2017-08-31 20:45:35,005 INFO o.v.u.CommentStringTokenizer [ClientTaskDispatcher 15 Setting timepoint=0.5] Token('4', line=15, col=10) comments AFTER: domainType_Nucleus
2017-08-31 20:45:40,452 INFO o.v.u.CommentStringTokenizer [ClientTaskDispatcher 16 retrieving data] Token('0', line=11, col=10) comments AFTER: domainType_ec
2017-08-31 20:45:40,452 INFO o.v.u.CommentStringTokenizer [ClientTaskDispatcher 16 retrieving data] Token('1', line=12, col=10) comments AFTER: domainType_cytosol
2017-08-31 20:45:40,452 INFO o.v.u.CommentStringTokenizer [ClientTaskDispatcher 16 retrieving data] Token('2', line=13, col=10) comments AFTER: domainType_cytosol
2017-08-31 20:45:40,453 INFO o.v.u.CommentStringTokenizer [ClientTaskDispatcher 16 retrieving data] Token('3', line=14, col=10) comments AFTER: domainType_cytosol
2017-08-31 20:45:40,453 INFO o.v.u.CommentStringTokenizer [ClientTaskDispatcher 16 retrieving data] Token('4', line=15, col=10) comments AFTER: domainType_Nucleus
2017-08-31 20:45:40,543 INFO o.v.u.CommentStringTokenizer [ClientTaskDispatcher 16 retrieving data] Token('0', line=11, col=10) comments AFTER: domainType_ec
2017-08-31 20:45:40,543 INFO o.v.u.CommentStringTokenizer [ClientTaskDispatcher 16 retrieving data] Token('1', line=12, col=10) comments AFTER: domainType_cytosol
2017-08-31 20:45:40,543 INFO o.v.u.CommentStringTokenizer [ClientTaskDispatcher 16 retrieving data] Token('2', line=13, col=10) comments AFTER: domainType_cytosol
2017-08-31 20:45:40,544 INFO o.v.u.CommentStringTokenizer [ClientTaskDispatcher 16 retrieving data] Token('3', line=14, col=10) comments AFTER: domainType_cytosol
2017-08-31 20:45:40,544 INFO o.v.u.CommentStringTokenizer [ClientTaskDispatcher 16 retrieving data] Token('4', line=15, col=10) comments AFTER: domainType_Nucleus
